d:\users\jelle dekkers\documents\school\hku\jaar 2\heobp\heobp-blok-1\opdracht 3\game of life\game of life\debug\game of life.pch
d:\users\jelle dekkers\documents\school\hku\jaar 2\heobp\heobp-blok-1\opdracht 3\game of life\game of life\debug\vc141.pdb
d:\users\jelle dekkers\documents\school\hku\jaar 2\heobp\heobp-blok-1\opdracht 3\game of life\game of life\debug\vc141.idb
d:\users\jelle dekkers\documents\school\hku\jaar 2\heobp\heobp-blok-1\opdracht 3\game of life\game of life\debug\stdafx.obj
d:\users\jelle dekkers\documents\school\hku\jaar 2\heobp\heobp-blok-1\opdracht 3\game of life\game of life\debug\cell.obj
d:\users\jelle dekkers\documents\school\hku\jaar 2\heobp\heobp-blok-1\opdracht 3\game of life\game of life\debug\cellbehaviour.obj
d:\users\jelle dekkers\documents\school\hku\jaar 2\heobp\heobp-blok-1\opdracht 3\game of life\game of life\debug\grid.obj
d:\users\jelle dekkers\documents\school\hku\jaar 2\heobp\heobp-blok-1\opdracht 3\game of life\game of life\debug\random.obj
d:\users\jelle dekkers\documents\school\hku\jaar 2\heobp\heobp-blok-1\opdracht 3\game of life\game of life\debug\standardbehaviour.obj
d:\users\jelle dekkers\documents\school\hku\jaar 2\heobp\heobp-blok-1\opdracht 3\game of life\game of life\debug\gameoflife.obj
d:\users\jelle dekkers\documents\school\hku\jaar 2\heobp\heobp-blok-1\opdracht 3\game of life\debug\game of life.exe
d:\users\jelle dekkers\documents\school\hku\jaar 2\heobp\heobp-blok-1\opdracht 3\game of life\debug\game of life.ilk
d:\users\jelle dekkers\documents\school\hku\jaar 2\heobp\heobp-blok-1\opdracht 3\game of life\debug\game of life.pdb
d:\users\jelle dekkers\documents\school\hku\jaar 2\heobp\heobp-blok-1\opdracht 3\game of life\game of life\debug\game of life.res
d:\users\jelle dekkers\documents\school\hku\jaar 2\heobp\heobp-blok-1\opdracht 3\game of life\game of life\debug\game of life.tlog\cl.command.1.tlog
d:\users\jelle dekkers\documents\school\hku\jaar 2\heobp\heobp-blok-1\opdracht 3\game of life\game of life\debug\game of life.tlog\cl.read.1.tlog
d:\users\jelle dekkers\documents\school\hku\jaar 2\heobp\heobp-blok-1\opdracht 3\game of life\game of life\debug\game of life.tlog\cl.write.1.tlog
d:\users\jelle dekkers\documents\school\hku\jaar 2\heobp\heobp-blok-1\opdracht 3\game of life\game of life\debug\game of life.tlog\link.command.1.tlog
d:\users\jelle dekkers\documents\school\hku\jaar 2\heobp\heobp-blok-1\opdracht 3\game of life\game of life\debug\game of life.tlog\link.read.1.tlog
d:\users\jelle dekkers\documents\school\hku\jaar 2\heobp\heobp-blok-1\opdracht 3\game of life\game of life\debug\game of life.tlog\link.write.1.tlog
d:\users\jelle dekkers\documents\school\hku\jaar 2\heobp\heobp-blok-1\opdracht 3\game of life\game of life\debug\game of life.tlog\rc.command.1.tlog
d:\users\jelle dekkers\documents\school\hku\jaar 2\heobp\heobp-blok-1\opdracht 3\game of life\game of life\debug\game of life.tlog\rc.read.1.tlog
d:\users\jelle dekkers\documents\school\hku\jaar 2\heobp\heobp-blok-1\opdracht 3\game of life\game of life\debug\game of life.tlog\rc.write.1.tlog
